Base path: /Applications/Unity/Hub/Editor/2018.4.15f1/Unity.app/Contents
Cmd: initializeCompiler
Cmd: compileComputeKernel
  api=14 insize=7960 outsize=4077 ok=1
Cmd: translateComputeKernel
  api=14 insize=2805 outsize=2865 ok=1
Cmd: compileComputeKernel
  api=14 insize=68835 outsize=3905 ok=1
Cmd: translateComputeKernel
  api=14 insize=4725 outsize=7429 ok=1
Cmd: compileComputeKernel
  api=14 insize=9919 outsize=2949 ok=1
Cmd: compileComputeKernel
  api=14 insize=9919 outsize=2989 ok=1
Cmd: translateComputeKernel
  api=14 insize=2949 outsize=4277 ok=1
Cmd: translateComputeKernel
  api=14 insize=2985 outsize=4329 ok=1
Cmd: compileComputeKernel
  api=14 insize=31899 outsize=8613 ok=1
Cmd: translateComputeKernel
  api=14 insize=4057 outsize=6141 ok=1
Cmd: translateComputeKernel
  api=14 insize=5793 outsize=8781 ok=1
Cmd: compileComputeKernel
  api=14 insize=6546 outsize=3101 ok=1
Cmd: compileComputeKernel
  api=14 insize=47665 outsize=3545 ok=1
Cmd: compileComputeKernel
  api=14 insize=47665 outsize=3785 ok=1
Cmd: compileComputeKernel
  api=14 insize=47665 outsize=3037 ok=1
Cmd: compileComputeKernel
  api=14 insize=47665 outsize=3433 ok=1
Cmd: compileComputeKernel
  api=14 insize=47665 outsize=3061 ok=1
Cmd: compileComputeKernel
  api=14 insize=47665 outsize=3757 ok=1
Cmd: compileComputeKernel
  api=14 insize=47665 outsize=3793 ok=1
Cmd: compileComputeKernel
  api=14 insize=47665 outsize=3077 ok=1
Cmd: compileComputeKernel
  api=14 insize=47665 outsize=3349 ok=1
Cmd: translateComputeKernel
  api=14 insize=3981 outsize=4293 ok=1
Cmd: translateComputeKernel
  api=14 insize=4237 outsize=5133 ok=1
Cmd: translateComputeKernel
  api=14 insize=5461 outsize=7473 ok=1
Cmd: translateComputeKernel
  api=14 insize=3621 outsize=3645 ok=1
Cmd: translateComputeKernel
  api=14 insize=4225 outsize=5025 ok=1
Cmd: translateComputeKernel
  api=14 insize=4405 outsize=5317 ok=1
Cmd: translateComputeKernel
  api=14 insize=3689 outsize=3869 ok=1
Cmd: translateComputeKernel
  api=14 insize=4129 outsize=4453 ok=1
Cmd: compileComputeKernel
  api=14 insize=4119 outsize=2621 ok=1
Cmd: compileComputeKernel
  api=14 insize=29386 outsize=2057 ok=1
Cmd: compileComputeKernel
  api=14 insize=29386 outsize=1217 ok=1
Cmd: compileComputeKernel
  api=14 insize=29386 outsize=2389 ok=1
Cmd: compileComputeKernel
  api=14 insize=29386 outsize=2405 ok=1
Cmd: compileComputeKernel
  api=14 insize=29386 outsize=1201 ok=1
Cmd: compileComputeKernel
  api=14 insize=29386 outsize=1225 ok=1
Cmd: compileComputeKernel
  api=14 insize=29386 outsize=3361 ok=1
Cmd: compileComputeKernel
  api=14 insize=29386 outsize=2725 ok=1
Cmd: compileComputeKernel
  api=14 insize=29386 outsize=2781 ok=1
Cmd: compileComputeKernel
  api=14 insize=29386 outsize=2665 ok=1
Cmd: compileComputeKernel
  api=14 insize=29386 outsize=3009 ok=1
Cmd: translateComputeKernel
  api=14 insize=2329 outsize=2009 ok=1
Cmd: translateComputeKernel
  api=14 insize=2641 outsize=2545 ok=1
Cmd: translateComputeKernel
  api=14 insize=2349 outsize=1997 ok=1
Cmd: translateComputeKernel
  api=14 insize=2421 outsize=2105 ok=1
Cmd: translateComputeKernel
  api=14 insize=2377 outsize=2069 ok=1
Cmd: translateComputeKernel
  api=14 insize=2841 outsize=3001 ok=1
Cmd: translateComputeKernel
  api=14 insize=3461 outsize=4269 ok=1
Cmd: translateComputeKernel
  api=14 insize=3009 outsize=3429 ok=1
Cmd: translateComputeKernel
  api=14 insize=2857 outsize=3233 ok=1
Cmd: translateComputeKernel
  api=14 insize=2857 outsize=3213 ok=1
Cmd: translateComputeKernel
  api=14 insize=2837 outsize=3173 ok=1
Cmd: translateComputeKernel
  api=14 insize=2833 outsize=2997 ok=1
Cmd: translateComputeKernel
  api=14 insize=3181 outsize=3585 ok=1
Cmd: initializeCompiler
Cmd: initializeCompiler

Quitting shader compiler process
