Base path: /Applications/Unity/Hub/Editor/2018.4.15f1/Unity.app/Contents
Cmd: initializeCompiler
Cmd: compileComputeKernel
  api=14 insize=7960 outsize=2677 ok=1
Cmd: translateComputeKernel
  api=14 insize=3213 outsize=3829 ok=1
Cmd: compileComputeKernel
  api=14 insize=68835 outsize=5921 ok=1
Cmd: translateComputeKernel
  api=14 insize=7313 outsize=12641 ok=1
Cmd: compileComputeKernel
  api=14 insize=9919 outsize=2949 ok=1
Cmd: compileComputeKernel
  api=14 insize=9919 outsize=2985 ok=1
Cmd: translateComputeKernel
  api=14 insize=2949 outsize=4277 ok=1
Cmd: translateComputeKernel
  api=14 insize=2989 outsize=4333 ok=1
Cmd: compileComputeKernel
  api=14 insize=31899 outsize=4941 ok=1
Cmd: translateComputeKernel
  api=14 insize=4281 outsize=6949 ok=1
Cmd: translateComputeKernel
  api=14 insize=13461 outsize=25657 ok=1
Cmd: compileComputeKernel
  api=14 insize=6546 outsize=2725 ok=1
Cmd: translateComputeKernel
  api=14 insize=3941 outsize=6289 ok=1
Cmd: compileComputeKernel
  error: 1 plat 14 at Tensor.cginc(141): use of potentially uninitialized variable (ReadonlyTensor::SafeGet)
  api=14 insize=47665 outsize=3897 ok=1
Cmd: compileComputeKernel
  api=14 insize=47665 outsize=3417 ok=1
Cmd: compileComputeKernel
  api=14 insize=47665 outsize=3381 ok=1
Cmd: compileComputeKernel
  api=14 insize=47665 outsize=3113 ok=1
Cmd: compileComputeKernel
  api=14 insize=47665 outsize=3141 ok=1
Cmd: compileComputeKernel
  api=14 insize=47665 outsize=4193 ok=1
Cmd: compileComputeKernel
  api=14 insize=47665 outsize=3933 ok=1
Cmd: compileComputeKernel
  api=14 insize=47665 outsize=3093 ok=1
Cmd: compileComputeKernel
  api=14 insize=47665 outsize=4389 ok=1
Cmd: translateComputeKernel
  api=14 insize=13009 outsize=22597 ok=1
Cmd: translateComputeKernel
  api=14 insize=2685 outsize=3061 ok=1
Cmd: compileComputeKernel
  api=14 insize=29386 outsize=1153 ok=1
Cmd: compileComputeKernel
  api=14 insize=29386 outsize=2293 ok=1
Cmd: compileComputeKernel
  api=14 insize=29386 outsize=2249 ok=1
Cmd: compileComputeKernel
  api=14 insize=29386 outsize=1201 ok=1
Cmd: compileComputeKernel
  api=14 insize=29386 outsize=2213 ok=1
Cmd: compileComputeKernel
  api=14 insize=29386 outsize=2609 ok=1
Cmd: compileComputeKernel
  api=14 insize=29386 outsize=2869 ok=1
Cmd: compileComputeKernel
  api=14 insize=29386 outsize=2697 ok=1
Cmd: compileComputeKernel
  api=14 insize=29386 outsize=2665 ok=1
Cmd: compileComputeKernel
  api=14 insize=29386 outsize=2749 ok=1
Cmd: translateComputeKernel
  api=14 insize=2325 outsize=1985 ok=1
Cmd: translateComputeKernel
  api=14 insize=2469 outsize=2145 ok=1
Cmd: translateComputeKernel
  api=14 insize=2561 outsize=2337 ok=1
Cmd: translateComputeKernel
  api=14 insize=2413 outsize=2097 ok=1
Cmd: translateComputeKernel
  api=14 insize=2289 outsize=1913 ok=1
Cmd: translateComputeKernel
  api=14 insize=2349 outsize=2029 ok=1
Cmd: translateComputeKernel
  api=14 insize=1489 outsize=1561 ok=1
Cmd: translateComputeKernel
  api=14 insize=2821 outsize=3145 ok=1
Cmd: translateComputeKernel
  api=14 insize=2977 outsize=3377 ok=1
Cmd: translateComputeKernel
  api=14 insize=2897 outsize=3257 ok=1
Cmd: translateComputeKernel
  api=14 insize=2985 outsize=3233 ok=1
Cmd: translateComputeKernel
  api=14 insize=2861 outsize=3037 ok=1
Cmd: translateComputeKernel
  api=14 insize=2837 outsize=3173 ok=1
Cmd: translateComputeKernel
  api=14 insize=2813 outsize=3141 ok=1
Cmd: translateComputeKernel
  api=14 insize=2877 outsize=3057 ok=1
Cmd: initializeCompiler
Cmd: initializeCompiler

Quitting shader compiler process
